Build started 8/27/2012 12:14:51 AM.
     1>Project "C:\Users\Super3\Desktop\TicTacToeConsole\TicTacToeConsole\TicTacToeConsole.vcxproj" on node 2 (build target(s)).
     1>InitializeBuildStatus:
         Creating "Debug\TicTacToeConsole.unsuccessfulbuild" because "AlwaysCreate" was specified.
       ClCompile:
         C:\Program Files (x86)\Microsoft Visual Studio 10.0\VC\bin\CL.exe /c /ZI /nologo /W3 /WX- /Od /Oy- /D WIN32 /D _DEBUG /D _CONSOLE /D _UNICODE /D UNICODE /Gm /EHsc /RTC1 /MDd /GS /fp:precise /Zc:wchar_t /Zc:forScope /Yc"StdAfx.h" /Fp"Debug\TicTacToeConsole.pch" /Fo"Debug\\" /Fd"Debug\vc100.pdb" /Gd /TP /analyze- /errorReport:prompt stdafx.cpp
         stdafx.cpp
         C:\Program Files (x86)\Microsoft Visual Studio 10.0\VC\bin\CL.exe /c /ZI /nologo /W3 /WX- /Od /Oy- /D WIN32 /D _DEBUG /D _CONSOLE /D _UNICODE /D UNICODE /Gm /EHsc /RTC1 /MDd /GS /fp:precise /Zc:wchar_t /Zc:forScope /Yu"StdAfx.h" /Fp"Debug\TicTacToeConsole.pch" /Fo"Debug\\" /Fd"Debug\vc100.pdb" /Gd /TP /analyze- /errorReport:prompt Nicks.cpp TicTacToeConsole.cpp
         TicTacToeConsole.cpp
         Nicks.cpp
         Generating Code...
       ManifestResourceCompile:
         C:\Program Files (x86)\Microsoft SDKs\Windows\v7.0A\bin\rc.exe /nologo /fo"Debug\TicTacToeConsole.exe.embed.manifest.res" Debug\TicTacToeConsole_manifest.rc 
       Link:
         C:\Program Files (x86)\Microsoft Visual Studio 10.0\VC\bin\link.exe /ERRORREPORT:PROMPT /OUT:"C:\Users\Super3\Desktop\TicTacToeConsole\Debug\TicTacToeConsole.exe" /INCREMENTAL /NOLOGO kernel32.lib user32.lib gdi32.lib winspool.lib comdlg32.lib advapi32.lib shell32.lib ole32.lib oleaut32.lib uuid.lib odbc32.lib odbccp32.lib /MANIFEST /ManifestFile:"Debug\TicTacToeConsole.exe.intermediate.manifest" /MANIFESTUAC:"level='asInvoker' uiAccess='false'" /DEBUG /PDB:"C:\Users\Super3\Desktop\TicTacToeConsole\Debug\TicTacToeConsole.pdb" /SUBSYSTEM:CONSOLE /TLBID:1 /DYNAMICBASE /NXCOMPAT /IMPLIB:"C:\Users\Super3\Desktop\TicTacToeConsole\Debug\TicTacToeConsole.lib" /MACHINE:X86 Debug\TicTacToeConsole.exe.embed.manifest.res
         Debug\Nicks.obj
         Debug\stdafx.obj
         Debug\TicTacToeConsole.obj
       Manifest:
         Deleting file "Debug\TicTacToeConsole.exe.embed.manifest".
         C:\Program Files (x86)\Microsoft SDKs\Windows\v7.0A\bin\mt.exe /nologo /verbose /out:"Debug\TicTacToeConsole.exe.embed.manifest" /manifest Debug\TicTacToeConsole.exe.intermediate.manifest
         C:\Program Files (x86)\Microsoft SDKs\Windows\v7.0A\bin\rc.exe /nologo /fo"Debug\TicTacToeConsole.exe.embed.manifest.res" Debug\TicTacToeConsole_manifest.rc 
       LinkEmbedManifest:
         C:\Program Files (x86)\Microsoft Visual Studio 10.0\VC\bin\link.exe /ERRORREPORT:PROMPT /OUT:"C:\Users\Super3\Desktop\TicTacToeConsole\Debug\TicTacToeConsole.exe" /INCREMENTAL /NOLOGO kernel32.lib user32.lib gdi32.lib winspool.lib comdlg32.lib advapi32.lib shell32.lib ole32.lib oleaut32.lib uuid.lib odbc32.lib odbccp32.lib /MANIFEST /ManifestFile:"Debug\TicTacToeConsole.exe.intermediate.manifest" /MANIFESTUAC:"level='asInvoker' uiAccess='false'" /DEBUG /PDB:"C:\Users\Super3\Desktop\TicTacToeConsole\Debug\TicTacToeConsole.pdb" /SUBSYSTEM:CONSOLE /TLBID:1 /DYNAMICBASE /NXCOMPAT /IMPLIB:"C:\Users\Super3\Desktop\TicTacToeConsole\Debug\TicTacToeConsole.lib" /MACHINE:X86 Debug\TicTacToeConsole.exe.embed.manifest.res
         Debug\Nicks.obj
         Debug\stdafx.obj
         Debug\TicTacToeConsole.obj
         TicTacToeConsole.vcxproj -> C:\Users\Super3\Desktop\TicTacToeConsole\Debug\TicTacToeConsole.exe
       FinalizeBuildStatus:
         Deleting file "Debug\TicTacToeConsole.unsuccessfulbuild".
         Touching "Debug\TicTacToeConsole.lastbuildstate".
     1>Done Building Project "C:\Users\Super3\Desktop\TicTacToeConsole\TicTacToeConsole\TicTacToeConsole.vcxproj" (build target(s)).

Build succeeded.

Time Elapsed 00:00:07.24
